../data/newsTr.gz ../data/newsTe.gz 2291 4996.0
 m =

 Columns 1 through 13:

   126     1     0     0    10     0     4     6     0     1     0     1     4
     1   117    16     9    11    16     3     5     1     5     1     0     9
     4    26   168    20     7    10     5     4     1     0     1     1     5
     5    23    40   118    19     5     7     7     1     0     1     1    20
     6    12     7    28   134     4     7     6     1     3     0     2    11
     3    22    24     9     8    98     3     2     0     0     2     3    10
     4     6    11    20     9     4    92    12     1     8     1     0     8
     8     1     5     5     4     1     7   158     5     3     2     1     5
     2     0     0     2     4     0     7    20   155     2     2     2     7
     4     5     0     0     2     1     2     2     1   173    38     0     6
     1     3     0     0     2     0     2     1     0    54   186     0     5
     5    13     4     2     4     1     2     6     1     1     0   194    12
     3    12     5    15     5     6     7    14     3     7     2     4    44
     9     4     1     2     1     2     4    10     2     2     0     0    13
     8    12     1     4     6     2     3     4     0     3     0     6    15
    35     2     1     2     0     0     2     2     1     3     0     2     4
    10     0     1     0     1     3     2     4     4     1     1     8     8
    11     2     2     2     0     0     4     7     0     4     0     6     4
    10     1     1     3     2     1     5     7     3     3     0     5    15
    52     0     0     1     6     1     0     7     0     0     3     3     6

 Columns 14 through 20:

    26    15    31    11     1    16    32
     6    13     1     0     0     4     0
     9     4     0     0     0     0     0
     9    11     1     0     0     0     0
     6     9     2     1     0     2     0
     7    17     0     0     0     0     1
     9    20     0     0     0     2     0
     8     6     0     2     2     9     0
    12     1     0     1     0     3     0
    22     4     0     0     0     1     0
    14     7     1     0     0     5     0
    20     5     0    12     1     7     1
    17    22     1     1     0     6     4
    64    19     3     2     0    16     2
    21   149     0     7     0    11     0
    20     9   210     0     5     6    20
    28     8     1   154     2    27     5
    29     7     2     6   204    10     0
    39     6     2    39    11   105     9
    21    11    44    24     5    33    56

