../data/newsTr.gz ../data/newsTe.gz 1438 4996.0
 m =

 Columns 1 through 13:

   174     0     0     2     3     1     1     3     0     0     0     2     3
     0   139    13     4     9     9     1     1     1     5     0     0    15
     2    18   199    12     6     9     1     3     0     2     0     0     5
     1    10    10   176    16     4     6     7     2     0     1     0    13
     2     8     1    12   173     0     6     3     3     1     0     0    13
     1     7    10     5     5   134     1     4     5     0     2     1     9
     0     1     3     6     6     4   124     6     3     1     5     0    21
     3     2     3     1     5     1     2   171     2     1     2     3     8
     0     1     0     0     4     1     2    14   175     1     0     1     6
     0     0     2     0     0     0     3     0     1   203    23     0     4
     1     1     0     2     2     1     0     0     2    13   234     0     7
     1     5     3     1     8     1     3     1     0     0     0   243    11
     2     5     5     4     6     5     3     6     5     3     1     5    84
     6     3     1     1     3     1     2     7     0     0     2     0     9
     0     7     0     0     1     3     2     9     1     0     0     0     8
    20     1     2     3     0     2     2     0     0     0     0     0     1
     2     0     0     1     2     0     3     0     2     1     1     3     8
     4     1     0     0     3     0     0     5     0     0     0     0     5
     6     0     2     1     3     0     0     0     5     0     0     1     6
    45     0     0     1     2     0     0     3     0     0     0     1     4

 Columns 14 through 20:

    13     5    12     7     3    10    46
    17     2     0     1     0     1     0
     5     0     0     0     1     1     1
    16     2     2     1     0     0     1
    10     1     3     0     0     1     4
    17     4     0     2     0     0     2
    21     2     0     2     0     1     1
     7     1     2     5     2    10     1
     6     2     0     1     1     0     5
    14     5     1     0     0     3     2
     8     4     2     0     2     1     1
     5     4     0     1     0     3     1
    28     7     2     0     0     5     2
    94     5     3     5     3     7     4
    18   185     0     8     2     3     5
     6     3   269     1     1     3    10
    13     3     0   205     3     8    13
    14     1     0     7   246    14     0
    19     3     3    10    10   175    23
    13     5     6     8     1    29   155

