../data/newsTr.gz ../data/newsTe.gz 2332 4996.0
 m =

 Columns 1 through 13:

   112     0     0     0    11     0     2     5     0     2     0     1     9
     1   109    16    10    13    18     3     4     0     4     1     0    10
     2    16   176    22     8    11     2     3     0     0     1     1     7
     3    24    37   115    20     6     7     4     1     1     0     1    21
     5    13     9    31   129     4     5     8     1     2     1     2    14
     2    22    22    11     6   100     1     1     1     0     2     3    11
     1     6    11    21    10     4    87    12     1     7     6     0     9
     7     0     6     4     5     1     7   152     3     3     0     0     8
     3     3     0     1     6     1     3    16   157     2     2     0     7
     2     2     0     0     1     1     1     1     1   173    38     1     9
     3     1     0     0     2     0     1     1     0    63   176     0     6
     7     6     3     2     7     0     2     5     1     1     0   195    16
     6    11     8    10     2     6     6    10     3     6     4     3    47
     8     4     1     1     1     2     1     8     1     2     0     0    12
     8     8     1     7     6     2     2     5     0     5     0     7    16
    35     2     1     0     1     0     4     1     1     2     0     0     9
    11     0     1     0     1     3     2     5     5     1     1     8     5
    13     3     1     0     1     1     1     8     0     5     0     4     5
    12     0     1     3     3     0     5     2     2     4     0     5    13
    53     0     2     0     9     2     0     5     0     0     3     2    14

 Columns 14 through 20:

    29    11    37    13     1    19    33
    20     5     1     0     0     3     0
    14     2     0     0     0     0     0
    23     3     1     0     0     1     0
    10     5     2     0     0     0     0
    18     8     0     0     0     1     0
    25     4     0     0     0     2     1
    18     7     0     1     0    10     0
    11     3     0     2     0     3     0
    26     4     0     0     0     1     0
    20     6     1     0     0     1     0
    20     7     1     3     0    15     0
    39     9     1     1     0     6     0
    77    16     3     2     0    15     2
    27   142     0     3     0    12     1
    20     8   216     1     6     5    12
    37     5     1   148     2    28     4
    32     4     2     7   200    13     0
    39     6     2    38     9   119     4
    30     8    51    29     6    25    34

