../data/newsTr.gz ../data/newsTe.gz 2281 4996.0
 m =

 Columns 1 through 13:

   134     6     1     0     5     3     1     4     4     3     1     3     2
     7   118    16     9     9    18     4     0     2    13     1     2     8
     6    27   175    21     5    13     4     1     1     5     0     1     4
     6    28    21   134    28     7     9     3     2    10     0     3    11
     5    26     7    30   133     1     5     4     2     5     0     1    11
     3    22    13     9     9   113     1     1     3    10     2     2    11
     4    12     6    23    25     7    83     7     3    18     3     0     4
     4     2     7     4     7     3     9   154     6     4     0     3     7
     7     5     1     1    10     2     5    24   146     0     1     0     6
     2     5     4     1     2     0     3     1     4   173    40     3     4
     4     2     2     4     4     3     3     6     4    43   190     0     5
     7    14     7     3     7     6     2     8     0     4     0   198    10
     9    13     4    16     6     8    11    13     6    23     0     7    44
    16     8     6     2     4     2     3     8     4    13     2     1     8
    16    15     0     5     8     9     4    12     0     5     0     2     9
    45     1     2     1     2     5     1     1     0     4     0     1     4
    16     3     0     0     2     5     6     5     3     4     0    13     5
    12     3     0     0     6     1     1     7     4     8     0     4     3
    18     6     3     0     4     7     0     6     7     0     1     3     8
    74     4     1     1     8     2     1     5     0     2     0     1     4

 Columns 14 through 20:

    11     4    24    10     3     8    58
     2     5     0     1     0     1     2
     1     0     0     0     0     1     0
     0     4     0     0     0     1     1
     5     3     0     0     0     1     2
     2     6     0     2     0     0     0
     5     5     0     0     1     1     0
     6     2     2     4     2     4     2
     5     2     0     4     0     1     0
    13     0     0     2     0     3     1
     4     3     1     0     0     2     1
     6     2     0     5     3     8     1
     7     6     3     1     0     0     1
    47     8     4    10     1     8     1
    17   128     2    12     0     5     3
    11     3   203     3     3     7    27
    15     5     2   150     3    21    10
    12     3     4     8   211    13     0
    18     7     4    32    12   107    24
    13     9    23    26     1    24    74

