../data/newsTr.gz ../data/newsTe.gz 2233 4996.0
 m =

 Columns 1 through 13:

   131     5     1     1     4     1     4     8     1     0     1     3     6
     7   123    19     9     7    11     3     2     2     4     1     0     5
     4    21   178    20     5    12     4     2     1     2     0     0     3
     7    32    24   127    18     5     7     4     3     2     0     1    14
     3    18     8    28   137     0     7     6     3     1     0     1    10
     1    20    21    10     5   102     4     4     5     0     2     2     7
     3    10     9    29    23     6    78     9     2     4     3     0     1
     6     1     4     7     5     2     7   158     7     2     0     3     4
     7     3     3     2     6     1     4    17   156     0     1     0     4
     3     4     5     1     2     1     4     2     3   170    39     2     1
     5     2     1     2     2     1     3     5     2    36   199     0     2
     7    18    10     5     3     6     1     9     0     1     0   193     5
     8    13     7    13     5     7    10    13     4     6     1     5    44
    13     2     5     1     3     2     5    11     3     4     2     0    11
    13    15     2     2     9     4     3     6     1     1     0     4     7
    43     1     3     1     1     4     1     1     1     4     0     1     1
     9     0     1     0     2     4     5     5     5     0     0     6     8
    11     5     0     0     4     1     2     7     3     4     1     4     2
    17     5     3     1     3     3     3     4     4     1     2    11    10
    69     5     1     1     8     1     1     6     0     1     0     2     3

 Columns 14 through 20:

    13     9    27    16     2    12    40
     4    14     0     1     0     2     4
     5     5     0     0     0     2     1
     6    13     2     0     0     3     0
     4    11     0     2     0     2     0
     3    21     0     1     0     0     1
     6    22     1     0     0     1     0
     5     6     0     6     0     6     3
     9     2     0     4     0     1     0
    14     2     2     1     0     2     3
     9     6     1     0     0     4     1
     6     7     1     9     5     5     0
     8    25     6     2     0     1     0
    54    16     4     8     1     7     4
    17   149     2     8     0     5     4
    14     5   211     3     3     4    22
    18    10     2   162     5    18     8
    13     7     4     6   213    12     1
    25     6     1    31    10   109    18
    17     8    30    24     1    26    69

