../data/newsTr.gz ../data/newsTe.gz 2260 4996.0
 m =

 Columns 1 through 13:

   134     4     1     1     7     0     4     4     0     0     1     1     5
     5   114    16    10    11    15     4     3     3     3     2     0     9
     5    26   169    20     6    16     2     3     1     3     1     1     3
     7    27    29   117    20     8    10     2     5     2     0     0    17
     4    18     7    26   138     2     9     7     3     3     0     1     8
     0    21    22    10     8    98     4     6     1     0     2     3    13
     2    10     9    18    11     6    93     8     5     4     3     0     8
     5     2     6     5     6     2    12   153     5     3     2     1     5
     3     2     0     2     4     1     6    21   154     1     1     0     4
     5     2     1     2     0     1     2     1     3   173    36     2     7
     5     2     2     0     4     2     1     1     1    52   189     0     2
     6    12     4     2     8     5     3     5     0     1     0   192    12
     6    15     6    10     2     4     8    15     3     6     0     5    53
    12     2     4     1     5     2     8    10     3     4     0     0     5
    16    14     2     4    13     2     4     3     0     2     0     6    10
    44     0     3     1     1     0     1     1     0     3     0     1     5
    10     0     1     1     1     4     4     4     6     0     2    11     6
    13     6     1     0     0     5     3     6     2     3     1     5     3
    20     4     1     5     3     4     5     5     3     5     0     7    13
    63     3     1     1     2     2     0     5     2     0     2     3     6

 Columns 14 through 20:

    22    12    29     9     1    15    35
     6    12     0     2     1     2     0
     5     4     0     0     0     0     0
    10    12     0     0     0     2     0
     5    10     0     0     0     0     0
     4    17     0     0     0     0     0
     8    20     0     0     0     2     0
     8     7     0     2     2     5     1
    10     6     0     4     0     1     0
    21     3     0     0     0     1     1
    11     5     1     0     0     3     0
    17     7     0     8     1     7     1
    15    24     1     1     0     4     0
    65    17     4     2     0    11     1
    20   144     0     9     0     3     0
    17     9   211     0     3     4    20
    21    10     3   151     2    28     3
    20     9     3     4   203    13     0
    28     4     0    33     6   111    10
    19    11    33    20     3    23    74

