tei =

 Columns 1 through 7:

   2914.087   1131.175   3847.377  -2030.530   -360.146    884.621    173.516

 Columns 8 through 14:

     32.415  -2138.925   1406.944  -1370.011    721.856    -11.154   -511.307

 Columns 15 through 21:

    472.817    706.164    -13.172    621.182    780.131    622.243   -137.386

 Columns 22 through 28:

  -1006.333    401.019   -742.674    -34.657    532.806   -402.419     64.562

 Columns 29 through 35:

   -474.904   -201.398   -288.639     15.383    -94.022     57.199   -325.502

 Columns 36 through 39:

   -388.895   -125.248     40.535   -165.028

tei =

 Columns 1 through 7:

   6952.216   1168.851   4224.476   -369.837   -159.463    831.453    110.454

 Columns 8 through 14:

    269.077  -2382.375    710.147  -1430.289    776.209    396.499   -237.579

 Columns 15 through 21:

   1388.226    710.000   -792.449    552.269    396.051   1095.862   -289.290

 Columns 22 through 28:

  -1097.031    264.623   -394.006     40.724    455.477   -322.123    -19.066

 Columns 29 through 35:

   -579.120   -367.887   -541.985     90.834   -187.381     61.000   -353.976

 Columns 36 through 39:

   -352.548   -129.193    -33.840   -230.635

tei =

 Columns 1 through 7:

   3712.804    422.500   3994.224   -573.246   1685.444   1128.533   -148.096

 Columns 8 through 14:

   -799.920  -1946.608    895.450  -1735.795    534.707    -95.629   -623.451

 Columns 15 through 21:

    452.063    653.206   -286.453    501.005    806.287    736.292   -294.448

 Columns 22 through 28:

   -821.818    332.612   -642.774     89.469    400.685   -741.664     24.813

 Columns 29 through 35:

   -522.095     73.820   -290.309     53.204    157.111    -59.192   -468.893

 Columns 36 through 39:

   -118.572    -65.012    120.459   -269.445

tei =

 Columns 1 through 7:

   6907.288     56.641   4152.518  -2076.691     91.460   1251.286   -981.773

 Columns 8 through 14:

   -429.301  -2408.347    840.725  -1652.935    285.839    324.997   -646.253

 Columns 15 through 21:

    377.718    642.648    -43.600    342.748    558.349    290.367   -121.523

 Columns 22 through 28:

   -830.446    303.336   -815.323     84.336    613.097   -605.951     68.638

 Columns 29 through 35:

   -485.615   -329.068   -286.718     44.192    -83.957     38.614   -351.457

 Columns 36 through 39:

   -247.331    -37.706     88.371   -138.667

tei =

 Columns 1 through 7:

   5735.707   3471.967   4400.199  -1762.122    977.280    668.370   -282.230

 Columns 8 through 14:

   -525.717  -1811.273    831.328  -1205.143    946.057     17.215   -598.785

 Columns 15 through 21:

    800.347    496.981    -44.066    761.261   1247.122    540.233   -255.146

 Columns 22 through 28:

   -849.565    119.774   -740.991    110.511    806.033   -627.485    111.642

 Columns 29 through 35:

   -441.377   -284.477   -356.963    -53.445   -289.633   -261.637   -301.870

 Columns 36 through 39:

   -242.075    -28.557    190.532   -139.437

tei =

 Columns 1 through 6:

   6008.4514    354.5163   4670.5083    -60.0185    180.2582    798.6256

 Columns 7 through 12:

    295.0186    319.8523  -2423.7217    604.6855  -1064.6310    555.0124

 Columns 13 through 18:

     26.2101   -449.4322    365.3132    799.7122      3.8690    233.0365

 Columns 19 through 24:

   1001.0177    492.6760     36.8831   -431.9052     76.3376   -705.6103

 Columns 25 through 30:

    160.5180    602.9283   -738.7253    216.7379   -664.6506   -242.4723

 Columns 31 through 36:

   -215.1760     11.2520   -190.4544     24.5597   -337.9215   -345.4571

 Columns 37 through 39:

   -250.8990    -24.9782   -167.2526

tei =

 Columns 1 through 6:

   5770.1955   1372.8851   1754.0737  -1457.2566     64.4026     57.5487

 Columns 7 through 12:

   -203.7899   -336.9491  -1402.6937    734.8335  -1344.8634    140.8300

 Columns 13 through 18:

     28.0158   -957.1195    389.9445    793.4683   -183.4681    195.8783

 Columns 19 through 24:

    660.3986    872.9987     10.7877  -1063.8165      8.7242  -1031.8369

 Columns 25 through 30:

    -17.1447    349.0137   -659.3671    118.8355   -642.6583   -378.5439

 Columns 31 through 36:

   -236.7643   -304.4595   -267.5049    -76.3129   -495.4106   -187.0280

 Columns 37 through 39:

    -62.9589     15.6557   -267.2366

tei =

 Columns 1 through 7:

   5309.173    496.543   2282.226  -1662.581   -222.812   -248.474   -173.844

 Columns 8 through 14:

   -153.511  -1491.102    -41.712   -569.705    318.123   -192.366   -401.450

 Columns 15 through 21:

    443.045    528.027   -431.708    419.143    623.770   1171.663   -295.789

 Columns 22 through 28:

   -749.019    236.108  -1012.647    238.754    641.098  -1030.602     27.761

 Columns 29 through 35:

   -237.094   -148.413   -201.666    -81.943    -54.036   -136.743   -649.542

 Columns 36 through 39:

   -401.544   -478.144   -269.139    -70.926

tei =

 Columns 1 through 7:

   3151.114   1827.651   3531.720  -1914.472    -98.968   1062.176    -62.124

 Columns 8 through 14:

    239.639  -2252.819   1502.285  -1810.665    745.314     94.962   -499.037

 Columns 15 through 21:

    854.144    513.366   -156.071    339.901    896.422    545.995     17.390

 Columns 22 through 28:

   -898.973    470.854   -798.505   -156.071    446.095   -423.260     35.238

 Columns 29 through 35:

   -620.185   -308.290   -310.030     39.900    -12.612     41.443   -345.768

 Columns 36 through 39:

   -348.191   -208.333    -20.442   -187.468

tei =

 Columns 1 through 6:

   6492.1275    457.8337   4764.7912   -140.3654     13.9711    660.1902

 Columns 7 through 12:

    209.3857    161.5808  -2648.8218    613.5649  -1215.4875    539.5032

 Columns 13 through 18:

     42.7596   -371.2752    467.3907    922.9651     -6.2436     82.2812

 Columns 19 through 24:

    941.6692    502.4814     20.6588   -550.9605     49.9492   -715.0074

 Columns 25 through 30:

    242.7636    797.3492   -720.0217    290.5586   -667.6402   -244.8008

 Columns 31 through 36:

   -148.7369    178.4907   -183.5097   -147.8499   -187.9467   -439.4862

 Columns 37 through 39:

   -165.6315     28.0109   -316.0919

tei =

 Columns 1 through 7:

   3885.824    685.083   3872.991   -902.348    572.206   -162.490   -917.962

 Columns 8 through 14:

   -165.393  -2452.185    653.426  -1481.610    593.765    267.474   -475.565

 Columns 15 through 21:

    745.370    541.568     23.172    374.675    884.132    719.967    -71.655

 Columns 22 through 28:

   -529.840    228.454   -621.474    228.365    651.787   -436.357    147.933

 Columns 29 through 35:

   -436.324   -197.649   -308.954   -125.599   -140.469    106.291   -315.326

 Columns 36 through 39:

   -280.886    -21.955     19.554    -12.217

tei =

 Columns 1 through 6:

   6694.9889   -228.2734   4320.2726  -2143.4911    334.2000   1012.1238

 Columns 7 through 12:

   -743.2707    -97.7806  -2511.8100    731.3312  -1785.8568    358.4224

 Columns 13 through 18:

    187.1440   -373.4914    444.5175    547.6093      8.2812    276.4627

 Columns 19 through 24:

    969.2401    409.5133   -539.3045   -668.5127    184.7572   -717.3849

 Columns 25 through 30:

     49.0577    777.8764   -398.2282    229.8631   -355.6793   -184.2409

 Columns 31 through 36:

   -305.7332    -14.9805   -271.3801    -14.5137   -142.9818   -115.8342

 Columns 37 through 39:

   -264.7189   -124.9164   -275.6653

tei =

 Columns 1 through 7:

   5583.038   1155.620   1710.246  -1120.864    713.572    540.633   -270.637

 Columns 8 through 14:

   -201.228  -1942.939    699.806  -1487.999    413.350   -161.274   -932.690

 Columns 15 through 21:

    571.703    631.570    -14.039    428.655   1082.339    619.513     47.462

 Columns 22 through 28:

  -1031.553    367.242   -592.929    136.560    795.699   -490.234    -16.981

 Columns 29 through 35:

   -631.977   -285.557   -385.412    230.062    -78.740     66.924   -413.206

 Columns 36 through 39:

   -344.086   -119.137     74.656     20.884

tei =

 Columns 1 through 7:

   3973.397   1396.772   3941.427  -1182.300   -327.230   1210.814   -250.484

 Columns 8 through 14:

   -623.905  -1357.751    522.224  -1027.083    929.243    711.570   -475.665

 Columns 15 through 21:

    740.977    751.089    433.183    722.721    837.839    879.754   -502.100

 Columns 22 through 28:

   -593.374    447.047   -695.914    106.843    563.854   -528.274    239.730

 Columns 29 through 35:

   -690.493   -349.822    -27.616     74.189   -274.588     79.492   -394.029

 Columns 36 through 39:

   -364.742    -79.066    137.875    -70.385

tei =

 Columns 1 through 7:

   5375.250   2561.541   4018.803   -932.961    370.493    442.883   -569.820

 Columns 8 through 14:

   -780.349  -1927.827    763.558  -1622.475   1059.045    -62.379   -839.016

 Columns 15 through 21:

    847.315    180.370    152.920     87.048    794.372    434.047     80.084

 Columns 22 through 28:

   -880.729    417.008   -655.192    127.962    654.457   -719.737    -91.090

 Columns 29 through 35:

   -812.269   -291.238   -213.338    -65.216   -274.872    -70.786   -344.700

 Columns 36 through 39:

   -251.127    -65.814     13.420   -151.105

tei =

 Columns 1 through 7:

   6996.675    119.526   3760.740  -2086.765    148.467   1347.991   -878.659

 Columns 8 through 14:

   -867.019  -2558.439    959.670  -1423.239     45.240     99.707   -637.476

 Columns 15 through 21:

    630.603    659.979     76.139    845.988    787.798    795.962    357.334

 Columns 22 through 28:

   -976.498    106.399   -643.171   -240.477    602.361   -355.644    214.398

 Columns 29 through 35:

   -635.995   -324.274   -141.826    -60.278   -119.900    -66.594   -618.697

 Columns 36 through 39:

   -483.124   -157.835     81.395     23.028

tei =

 Columns 1 through 7:

   6958.176   2197.826   3376.969   -305.106    124.286    913.303    -37.688

 Columns 8 through 14:

   -555.625  -1565.234   1508.053  -1493.775    694.351    328.348   -873.957

 Columns 15 through 21:

   1351.597    858.234    396.642   -163.139    961.192    472.488   -267.264

 Columns 22 through 28:

  -1011.367    -88.625  -1050.190   -217.158    779.921   -356.653   -122.112

 Columns 29 through 35:

   -172.347   -430.359    -72.696    -11.533     26.124    -20.191   -640.476

 Columns 36 through 39:

   -247.111    -93.518     17.527    -37.479

tei =

 Columns 1 through 6:

   5424.6696    -94.8746   2778.3370  -1935.5880    721.5091    530.1347

 Columns 7 through 12:

   -799.3351   -161.1552  -2276.9027    411.6707   -868.8337   1474.9053

 Columns 13 through 18:

    604.1778   -757.6187    433.6896    831.4700   -412.8760    157.9621

 Columns 19 through 24:

   1298.1015    727.0721     96.9724   -818.5677    320.7545   -505.6021

 Columns 25 through 30:

   -141.4619    491.1992   -487.5408     84.2674   -373.5346   -328.1895

 Columns 31 through 36:

   -219.9122    -17.8129   -111.9211    171.2190   -355.2351   -361.6327

 Columns 37 through 39:

   -146.7834     -4.3008   -146.1528

tei =

 Columns 1 through 7:

   3796.230    464.739   4273.125   -888.340    670.292   -303.321   -790.207

 Columns 8 through 14:

   -200.080  -2316.725    871.849  -1415.758    570.490    245.920   -679.852

 Columns 15 through 21:

    629.330    582.190     88.248    451.040    848.280    686.760   -163.215

 Columns 22 through 28:

   -865.193    248.914   -613.703    189.347    605.482   -470.036     67.724

 Columns 29 through 35:

   -492.112   -116.960   -196.777   -112.729     24.449     69.976   -371.521

 Columns 36 through 39:

   -351.511    -15.267     10.015    -66.142

tei =

 Columns 1 through 7:

   5816.382   1380.155   1706.708  -1374.983    445.014     84.110   -294.485

 Columns 8 through 14:

    -49.180  -1645.826    615.673  -1482.582    307.568    108.664  -1040.969

 Columns 15 through 21:

    453.874    802.278   -107.192     82.523    730.843    761.250     17.935

 Columns 22 through 28:

  -1107.143     67.668   -970.883     64.656    384.442   -723.681    171.146

 Columns 29 through 35:

   -640.556   -294.179   -347.527    -90.855   -436.435    137.003   -458.784

 Columns 36 through 39:

   -295.793    -12.155     98.199   -322.622

tei =

 Columns 1 through 7:

   3603.898    279.699   4383.207   -999.779    892.421   -253.489   -643.563

 Columns 8 through 14:

   -155.314  -2077.386    801.559  -1242.858    379.537    170.130   -577.047

 Columns 15 through 21:

    845.553    708.744    132.072    605.493    794.050    526.011   -116.627

 Columns 22 through 28:

   -822.798    212.719   -521.063   -296.494    512.952   -735.510    -52.773

 Columns 29 through 35:

   -499.341   -419.719   -267.429     98.228   -202.252    107.315   -391.680

 Columns 36 through 39:

   -273.070   -153.711    -47.354   -172.837

tei =

 Columns 1 through 7:

   5583.038   1155.620   1710.246  -1120.864    713.572    540.633   -270.637

 Columns 8 through 14:

   -201.228  -1942.939    699.806  -1487.999    413.350   -161.274   -932.690

 Columns 15 through 21:

    571.703    631.570    -14.039    428.655   1082.339    619.513     47.462

 Columns 22 through 28:

  -1031.553    367.242   -592.929    136.560    795.699   -490.234    -16.981

 Columns 29 through 35:

   -631.977   -285.557   -385.412    230.062    -78.740     66.924   -413.206

 Columns 36 through 39:

   -344.086   -119.137     74.656     20.884

tei =

 Columns 1 through 6:

   5830.5035    389.0573   4551.2621     -1.9791    539.5313   1015.5738

 Columns 7 through 12:

    -13.8886    372.5790  -2194.5803    847.1850  -1340.5832    866.4081

 Columns 13 through 18:

    117.7779   -997.8408    380.9007    319.6542     35.5619    617.8769

 Columns 19 through 24:

    991.7296    856.3472   -145.8124   -482.4704    460.3923   -996.2577

 Columns 25 through 30:

     54.9015    362.9567   -419.5075     51.7357   -374.5339   -429.6298

 Columns 31 through 36:

   -326.7155   -114.9749   -268.9377    136.9038   -645.3205   -271.3371

 Columns 37 through 39:

   -202.5642    -24.8167   -151.5448

tei =

 Columns 1 through 7:

   5420.051   2527.143   4155.489  -1021.743    324.957    570.227   -522.558

 Columns 8 through 14:

   -861.221  -1981.786    841.082  -1638.875   1091.673   -128.882   -779.656

 Columns 15 through 21:

    906.303    141.966    159.633     93.667    919.407    457.694    118.270

 Columns 22 through 28:

   -881.092    412.055   -610.790     67.202    670.670   -720.262    -79.408

 Columns 29 through 35:

   -760.347   -290.262   -178.257   -109.656   -274.345   -124.587   -319.743

 Columns 36 through 39:

   -280.009    -82.439    -20.294   -158.522

tei =

 Columns 1 through 6:

   5479.4796    267.8579   2260.2827  -1650.6690     52.8939    422.1695

 Columns 7 through 12:

   -309.8609   -449.6563  -1869.1102    246.6997   -642.3714    582.5146

 Columns 13 through 18:

   -119.9641   -586.4705    453.9365    641.4054   -298.3651    462.1020

 Columns 19 through 24:

    943.1560   1022.3920   -121.8582   -881.8353    244.0837   -838.2545

 Columns 25 through 30:

    114.5550    566.0896   -797.5537   -167.8848   -343.9872   -215.5185

 Columns 31 through 36:

   -198.7554     56.1474    -14.4305     -5.9051   -648.8319   -384.5320

 Columns 37 through 39:

   -307.4089   -121.1438     15.8605

tei =

 Columns 1 through 7:

   3885.824    685.083   3872.991   -902.348    572.206   -162.490   -917.962

 Columns 8 through 14:

   -165.393  -2452.185    653.426  -1481.610    593.765    267.474   -475.565

 Columns 15 through 21:

    745.370    541.568     23.172    374.675    884.132    719.967    -71.655

 Columns 22 through 28:

   -529.840    228.454   -621.474    228.365    651.787   -436.357    147.933

 Columns 29 through 35:

   -436.324   -197.649   -308.954   -125.599   -140.469    106.291   -315.326

 Columns 36 through 39:

   -280.886    -21.955     19.554    -12.217

tei =

 Columns 1 through 7:

   5189.167   2086.865   4444.524  -1091.217     24.365    604.740   -594.543

 Columns 8 through 14:

  -1001.915  -2098.878    659.913  -1487.526   1205.916   -153.302   -841.951

 Columns 15 through 21:

    728.228    159.183     80.325     69.920    741.396    697.298     23.417

 Columns 22 through 28:

   -861.392    326.151   -700.377     20.623    552.045   -670.353   -112.925

 Columns 29 through 35:

   -658.305   -300.715   -337.287     22.334   -259.177     26.549   -314.166

 Columns 36 through 39:

   -320.780    -56.411    -98.489   -196.620

tei =

 Columns 1 through 6:

   5231.9854    531.9860   1942.0060  -1094.7056    470.1655    722.5409

 Columns 7 through 12:

   -413.2515   -400.2709  -1984.7118    447.4831  -1352.0419    577.3382

 Columns 13 through 18:

   -251.7876   -635.5171    496.6892    754.5139     43.9898    363.8707

 Columns 19 through 24:

    975.1975    733.9095     88.2597   -646.4024    217.7408   -680.4025

 Columns 25 through 30:

     82.2021    745.5273   -546.8446    -79.0571   -501.4016   -252.3991

 Columns 31 through 36:

   -443.0001    220.8427    -94.3961     85.9438   -395.6917   -338.6069

 Columns 37 through 39:

   -278.1166      3.1080     14.0293

tei =

 Columns 1 through 6:

   5567.3712   3278.5063   4360.5786  -1731.3951   1141.4231    661.9699

 Columns 7 through 12:

   -400.9835    -22.8301  -2084.8564    595.9120  -1339.3709    800.2733

 Columns 13 through 18:

    139.2179   -715.2747    722.6816    666.4944   -370.5737    868.4855

 Columns 19 through 24:

    871.3272    241.0485     -2.0478   -854.1895    182.7454   -842.9619

 Columns 25 through 30:

    166.3648    651.8889   -557.6211    192.2705   -582.3838   -320.0246

 Columns 31 through 36:

   -243.7404     89.0080    -96.5711     57.9486   -501.0466   -386.2799

 Columns 37 through 39:

    -90.7815     14.5447   -220.0214

tei =

 Columns 1 through 7:

   4089.196    745.733   4253.142   -833.295    684.959     75.895  -1019.569

 Columns 8 through 14:

   -328.427  -2260.593    864.264  -1454.075    822.496    436.763   -756.826

 Columns 15 through 21:

    528.304    764.702    -85.962    233.645    508.443    588.928    -24.941

 Columns 22 through 28:

   -747.516    238.547  -1018.691    601.574    441.699   -463.585     72.111

 Columns 29 through 35:

   -735.515   -207.175   -428.536   -119.153    -78.364    -17.505   -498.727

 Columns 36 through 39:

   -373.863   -285.423    124.268    185.080

tei =

 Columns 1 through 7:

   3858.902    477.482   4435.126  -1060.410   1020.658    -73.204   -902.295

 Columns 8 through 14:

   -270.535  -2311.803    825.076  -1382.856    583.140    249.888   -649.714

 Columns 15 through 21:

    897.355    660.851     10.557    512.035    877.412    806.966   -267.093

 Columns 22 through 28:

   -588.279     57.709   -722.496     94.178    648.186   -558.092     46.945

 Columns 29 through 35:

   -548.108   -301.092    -73.239   -175.632   -180.827    222.527   -380.365

 Columns 36 through 39:

   -316.169    -79.207    -71.135    -42.214

tei =

 Columns 1 through 6:

   6219.8938    202.6448   4885.8522    -74.3597    539.0758   1019.9798

 Columns 7 through 12:

    184.8873    257.9170  -2213.3834    903.8375  -1093.1661    865.8809

 Columns 13 through 18:

    127.1943   -950.4786    399.0828    476.9395      4.3624    661.5716

 Columns 19 through 24:

   1075.0320    617.7224    -13.0911   -620.0069    412.3785   -908.2137

 Columns 25 through 30:

      7.1555    440.2132   -525.5821    134.8510   -366.8552   -357.0816

 Columns 31 through 36:

   -461.3970   -183.5006   -227.8839    110.0506   -491.9172   -374.1999

 Columns 37 through 39:

   -123.9196    -92.6749    -52.9508

tei =

 Columns 1 through 6:

   5479.4796    267.8579   2260.2827  -1650.6690     52.8939    422.1695

 Columns 7 through 12:

   -309.8609   -449.6563  -1869.1102    246.6997   -642.3714    582.5146

 Columns 13 through 18:

   -119.9641   -586.4705    453.9365    641.4054   -298.3651    462.1020

 Columns 19 through 24:

    943.1560   1022.3920   -121.8582   -881.8353    244.0837   -838.2545

 Columns 25 through 30:

    114.5550    566.0896   -797.5537   -167.8848   -343.9872   -215.5185

 Columns 31 through 36:

   -198.7554     56.1474    -14.4305     -5.9051   -648.8319   -384.5320

 Columns 37 through 39:

   -307.4089   -121.1438     15.8605

tei =

 Columns 1 through 6:

   5310.3496   2518.3772   4439.0515   -729.0484     20.0318    623.9365

 Columns 7 through 12:

   -668.8502    -35.2548  -1801.8145    585.4840  -1948.7018    686.5807

 Columns 13 through 18:

     85.2572   -658.8555    462.6315   1155.6032   -215.4106    374.3496

 Columns 19 through 24:

   1067.3721    455.5988    -56.4507   -996.1374    390.7322   -428.3971

 Columns 25 through 30:

    136.8601    662.7084   -540.7765    -32.2083   -645.5856   -234.0179

 Columns 31 through 36:

   -191.7148    -35.8768   -178.1820     11.9980   -596.3866     -7.4331

 Columns 37 through 39:

   -102.0719    175.6888    -25.2999

tei =

 Columns 1 through 6:

   6276.4129    127.1167   5113.0885     -2.4459    485.9384    823.7775

 Columns 7 through 12:

    305.2713    407.1067  -2285.8063    900.8772  -1196.7999    695.4486

 Columns 13 through 18:

    141.8078   -828.3911    310.2383    520.5368     84.9496    584.9867

 Columns 19 through 24:

    970.0586    552.0281    101.9784   -820.0236    443.2623   -734.0331

 Columns 25 through 30:

    -88.9884    490.2069   -599.7554    147.3726   -567.0116   -257.0258

 Columns 31 through 36:

   -335.9678    -11.3432   -163.0183    100.4708   -370.3712   -293.3941

 Columns 37 through 39:

   -139.7035    -35.1964    -83.4310

tei =

 Columns 1 through 6:

   6285.7068   -235.0862   4268.5864  -1992.1309    350.8775    843.2849

 Columns 7 through 12:

   -669.9716    -18.2406  -2182.7385    752.6366  -1823.0743    547.2508

 Columns 13 through 18:

    260.7702   -399.5075    369.8221    527.0102    -77.6964    199.6106

 Columns 19 through 24:

    793.0095    383.5773   -463.0051   -701.8105    190.5460   -525.6169

 Columns 25 through 30:

    123.4475    764.5197   -235.5565    222.1497   -208.2010    -36.4752

 Columns 31 through 36:

   -246.9539   -105.1051   -267.1639     12.9999   -198.9609      3.6129

 Columns 37 through 39:

   -239.3743   -180.2054   -338.5977

tei =

 Columns 1 through 7:

   5375.250   2561.541   4018.803   -932.961    370.493    442.883   -569.820

 Columns 8 through 14:

   -780.349  -1927.827    763.558  -1622.475   1059.045    -62.379   -839.016

 Columns 15 through 21:

    847.315    180.370    152.920     87.048    794.372    434.047     80.084

 Columns 22 through 28:

   -880.729    417.008   -655.192    127.962    654.457   -719.737    -91.090

 Columns 29 through 35:

   -812.269   -291.238   -213.338    -65.216   -274.872    -70.786   -344.700

 Columns 36 through 39:

   -251.127    -65.814     13.420   -151.105

tei =

 Columns 1 through 7:

   3151.114   1827.651   3531.720  -1914.472    -98.968   1062.176    -62.124

 Columns 8 through 14:

    239.639  -2252.819   1502.285  -1810.665    745.314     94.962   -499.037

 Columns 15 through 21:

    854.144    513.366   -156.071    339.901    896.422    545.995     17.390

 Columns 22 through 28:

   -898.973    470.854   -798.505   -156.071    446.095   -423.260     35.238

 Columns 29 through 35:

   -620.185   -308.290   -310.030     39.900    -12.612     41.443   -345.768

 Columns 36 through 39:

   -348.191   -208.333    -20.442   -187.468

tei =

 Columns 1 through 6:

   6953.1303    315.2863   3989.7652  -2114.5932    256.5239   1722.6762

 Columns 7 through 12:

  -1135.2872   -708.2216  -2110.5340   1077.9430  -1330.1793    748.3336

 Columns 13 through 18:

    497.4486  -1171.1245    560.8656    705.3404    295.3686    634.5947

 Columns 19 through 24:

    843.6845    698.0733   -173.8907   -471.4631     38.0717   -665.8569

 Columns 25 through 30:

     -3.8307    697.9653   -705.0250    248.6115   -601.5070   -353.5120

 Columns 31 through 36:

   -622.7647    130.5644    -20.5920    190.4662   -186.8998   -297.3684

 Columns 37 through 39:

   -340.8585   -197.8684   -198.6774

tei =

 Columns 1 through 6:

   3972.0249   1744.0225   3805.9793   -654.7075    655.1816   1132.8227

 Columns 7 through 12:

  -1122.0168     51.4703  -1764.4966    959.7435   -808.3378    639.5354

 Columns 13 through 18:

    246.5602   -304.8472    436.0854    162.0889   -217.7419    250.6449

 Columns 19 through 24:

    866.8428    743.8447    -27.1471   -753.3842    201.0462   -591.7524

 Columns 25 through 30:

     95.0515    767.2127   -456.8863     -9.2316   -707.0055   -543.7275

 Columns 31 through 36:

   -426.6971     27.9391   -217.7371    -18.1154   -548.9737   -360.1138

 Columns 37 through 39:

     23.6357     77.6416   -186.4439

tei =

 Columns 1 through 6:

   6953.1303    315.2863   3989.7652  -2114.5932    256.5239   1722.6762

 Columns 7 through 12:

  -1135.2872   -708.2216  -2110.5340   1077.9430  -1330.1793    748.3336

 Columns 13 through 18:

    497.4486  -1171.1245    560.8656    705.3404    295.3686    634.5947

 Columns 19 through 24:

    843.6845    698.0733   -173.8907   -471.4631     38.0717   -665.8569

 Columns 25 through 30:

     -3.8307    697.9653   -705.0250    248.6115   -601.5070   -353.5120

 Columns 31 through 36:

   -622.7647    130.5644    -20.5920    190.4662   -186.8998   -297.3684

 Columns 37 through 39:

   -340.8585   -197.8684   -198.6774

tei =

 Columns 1 through 6:

   5567.3712   3278.5063   4360.5786  -1731.3951   1141.4231    661.9699

 Columns 7 through 12:

   -400.9835    -22.8301  -2084.8564    595.9120  -1339.3709    800.2733

 Columns 13 through 18:

    139.2179   -715.2747    722.6816    666.4944   -370.5737    868.4855

 Columns 19 through 24:

    871.3272    241.0485     -2.0478   -854.1895    182.7454   -842.9619

 Columns 25 through 30:

    166.3648    651.8889   -557.6211    192.2705   -582.3838   -320.0246

 Columns 31 through 36:

   -243.7404     89.0080    -96.5711     57.9486   -501.0466   -386.2799

 Columns 37 through 39:

    -90.7815     14.5447   -220.0214

tei =

 Columns 1 through 7:

   3629.355    394.132   4329.216  -1036.190    776.125   -239.399   -730.783

 Columns 8 through 14:

    -37.887  -2188.821    754.630  -1220.845    433.068    254.204   -564.022

 Columns 15 through 21:

    822.080    691.877    135.891    611.667    846.050    517.650   -155.633

 Columns 22 through 28:

   -777.124    199.104   -558.119   -257.041    468.585   -724.543    -56.496

 Columns 29 through 35:

   -409.349   -413.118   -202.954     32.426   -313.799    220.408   -412.469

 Columns 36 through 39:

   -317.116    -68.267    -68.440    -97.697

tei =

 Columns 1 through 6:

   4283.4331    588.3440   3499.9480   -537.1855    886.8952    924.5842

 Columns 7 through 12:

   -137.9110   -956.8549  -1969.3531    981.0875  -1935.3822    876.9189

 Columns 13 through 18:

    475.0247   -442.2773    261.2165    598.2256   -291.4645    364.6944

 Columns 19 through 24:

    589.2406    547.6096     73.1254   -710.4663    264.9943   -679.6135

 Columns 25 through 30:

    127.5710    796.9537   -533.1721     85.7420   -478.7395   -451.6487

 Columns 31 through 36:

   -469.3311   -117.4770   -331.2799    134.6876   -431.9700   -493.4548

 Columns 37 through 39:

    -47.5741     -2.8948     74.6027

tei =

 Columns 1 through 7:

   5591.653   1075.136   1881.113  -1257.212    791.265    535.086   -466.300

 Columns 8 through 14:

    160.018  -1981.173    553.390  -1507.536    743.912     23.998   -916.495

 Columns 15 through 21:

    617.753    508.330   -107.952    335.480   1090.257    573.626    -94.486

 Columns 22 through 28:

   -960.056    519.350   -485.928     88.537    831.954   -535.996     20.565

 Columns 29 through 35:

   -643.048   -249.378   -454.765    293.862   -217.365    215.036   -417.943

 Columns 36 through 39:

   -431.177   -163.376    -45.856     30.115

tei =

 Columns 1 through 6:

   4362.8352   1696.1693   4420.2015  -1768.0375   -365.6803    745.9956

 Columns 7 through 12:

   -352.4921   -366.9493  -2354.4798   1093.4005  -1682.8839    974.1752

 Columns 13 through 18:

     31.6753   -635.4973    494.8163   1020.4236   -202.7660    478.4703

 Columns 19 through 24:

    876.9100    761.8122   -201.1922   -921.3211    593.6969   -988.2017

 Columns 25 through 30:

     -4.4155    577.1398   -522.2449     53.5521   -615.8050   -148.7991

 Columns 31 through 36:

   -475.8746    290.7585   -150.6166    -15.6913   -369.6509   -320.6356

 Columns 37 through 39:

     51.1291    -74.3705    -23.0496

tei =

 Columns 1 through 6:

   3824.8259    185.6211   3837.9838   -791.8969   1462.2907   1059.0831

 Columns 7 through 12:

    129.1985   -928.7551  -1776.5342    926.4134  -1730.9494    609.6659

 Columns 13 through 18:

    147.2169   -587.2889    436.1557    681.3008   -393.8050    560.4171

 Columns 19 through 24:

    932.8384    651.1400   -199.4736   -860.4435    328.1407   -680.0757

 Columns 25 through 30:

     -8.9235    407.0554   -826.2276    -16.8781   -582.9038    -87.4004

 Columns 31 through 36:

   -348.3226    129.3679     79.3524    -32.7672   -511.2601   -190.3995

 Columns 37 through 39:

   -127.6859     23.3118   -177.1565

tei =

 Columns 1 through 6:

   6880.4426   1902.3997   3549.6503   -186.5741    -38.0998   1071.6230

 Columns 7 through 12:

   -165.2214   -530.9712  -1652.1648   1365.9405  -1424.3419    803.3103

 Columns 13 through 18:

    374.8232   -810.6549   1472.2182    861.6237    237.8225    -44.9874

 Columns 19 through 24:

    886.9819    471.3217   -205.6484   -859.6168      3.0948   -989.0940

 Columns 25 through 30:

   -161.6758    827.4804   -449.4596   -215.4159   -204.6706   -305.5695

 Columns 31 through 36:

   -176.6964     45.6285    113.0549     28.0529   -630.7904   -258.8932

 Columns 37 through 39:

   -139.8818     19.7165    -42.6241

recolabs =

 Columns 1 through 20:

   2   4   4   2   0   1   0   4   3   1   1   1   2   0   0   2   0   3   2   0

 Columns 21 through 40:

   4   2   3   0   4   1   0   1   3   0   3   3   4   1   2   1   0   3   0   4

 Columns 41 through 48:

   0   3   4   0   2   0   4   0

Training set: ../data/expressionsTr.gz Test set: ../data/expressionsTe.gz M: 39 Nerr: 2 NTe: 48 e: 4.2
m =

   15    0    0    2    0
    0    8    0    0    0
    0    0    8    0    0
    0    0    0    6    0
    0    0    0    0    9

